<?xml version="1.0" encoding="UTF-8"?>
<Site BuildName="(empty)"
	BuildStamp="20250417-1330-Experimental"
	Name="(empty)"
	Generator="ctest-3.31.5"
	CompilerName=""
	CompilerVersion=""
	OSName="Windows"
	Hostname="Dhrubo"
	OSRelease=" Personal"
	OSVersion=" (Build 9200)"
	OSPlatform="AMD64"
	Is64Bits="1"
	VendorString=""
	VendorID="Unknown Manufacturer"
	FamilyID="0"
	ModelID="0"
	ModelName=""
	ProcessorCacheSize="0"
	NumberOfLogicalCPU="8"
	NumberOfPhysicalCPU="4"
	TotalVirtualMemory="17965"
	TotalPhysicalMemory="7941"
	LogicalProcessorsPerPhysical="2"
	ProcessorClockFrequency="2496"
	>
	<Testing>
		<StartDateTime>Apr 17 19:35 Bangladesh Standard Time</StartDateTime>
		<StartTestTime>1744896950</StartTestTime>
		<TestList/>
		<EndDateTime>Apr 17 19:35 Bangladesh Standard Time</EndDateTime>
		<EndTestTime>1744896950</EndTestTime>
		<ElapsedMinutes>0</ElapsedMinutes>
	</Testing>
</Site>
